[2023-04-26T15:58:10.122] [WARN] warnArchive - Estado: 404, Ruta consultada: /favicon.ico, Metodo GET
[2023-04-26T15:58:53.656] [WARN] warnArchive - Estado: 404, Ruta consultada: /avatar/1682532440002-eri.jpg, Metodo GET
[2023-04-26T19:38:05.192] [WARN] warnArchive - Estado: 404, Ruta consultada: /favicon.ico, Metodo GET
[2023-04-26T19:38:12.265] [WARN] warnArchive - Estado: 404, Ruta consultada: /favicon.ico, Metodo GET
[2023-04-26T19:38:30.572] [WARN] warnArchive - Estado: 404, Ruta consultada: /favicon.ico, Metodo GET
[2023-04-26T19:38:32.042] [WARN] warnArchive - Estado: 404, Ruta consultada: /favicon.ico, Metodo GET
[2023-04-26T19:38:39.745] [WARN] warnArchive - Estado: 404, Ruta consultada: /favicon.ico, Metodo GET
[2023-04-26T19:38:41.141] [WARN] warnArchive - Estado: 404, Ruta consultada: /favicon.ico, Metodo GET
[2023-04-26T19:38:42.487] [WARN] warnArchive - Estado: 404, Ruta consultada: /favicon.ico, Metodo GET
[2023-04-26T19:38:53.976] [WARN] warnArchive - Estado: 404, Ruta consultada: /favicon.ico, Metodo GET
[2023-04-26T19:38:55.151] [WARN] warnArchive - Estado: 404, Ruta consultada: /favicon.ico, Metodo GET
[2023-04-26T19:38:56.482] [WARN] warnArchive - Estado: 404, Ruta consultada: /favicon.ico, Metodo GET
[2023-04-26T19:38:57.483] [WARN] warnArchive - Estado: 404, Ruta consultada: /favicon.ico, Metodo GET
[2023-04-26T19:39:30.571] [WARN] warnArchive - Estado: 404, Ruta consultada: /favicon.ico, Metodo GET
[2023-04-26T19:39:33.581] [WARN] warnArchive - Estado: 404, Ruta consultada: /favicon.ico, Metodo GET
[2023-04-26T19:39:48.010] [WARN] warnArchive - Estado: 404, Ruta consultada: /favicon.ico, Metodo GET
[2023-04-26T19:39:51.877] [WARN] warnArchive - Estado: 404, Ruta consultada: /favicon.ico, Metodo GET
[2023-04-26T19:40:45.638] [WARN] warnArchive - Estado: 404, Ruta consultada: /favicon.ico, Metodo GET
[2023-04-26T19:40:57.863] [WARN] warnArchive - Estado: 404, Ruta consultada: /favicon.ico, Metodo GET
[2023-04-26T19:40:59.039] [WARN] warnArchive - Estado: 404, Ruta consultada: /favicon.ico, Metodo GET
[2023-04-26T19:41:05.642] [WARN] warnArchive - Estado: 404, Ruta consultada: /favicon.ico, Metodo GET
[2023-04-26T19:41:07.033] [WARN] warnArchive - Estado: 404, Ruta consultada: /favicon.ico, Metodo GET
[2023-04-26T19:41:16.569] [WARN] warnArchive - Estado: 404, Ruta consultada: /favicon.ico, Metodo GET
[2023-04-26T19:41:20.058] [WARN] warnArchive - Estado: 404, Ruta consultada: /favicon.ico, Metodo GET
[2023-04-26T19:41:48.044] [WARN] warnArchive - Estado: 404, Ruta consultada: /favicon.ico, Metodo GET
[2023-04-26T19:41:49.580] [WARN] warnArchive - Estado: 404, Ruta consultada: /favicon.ico, Metodo GET
[2023-04-26T19:41:50.354] [WARN] warnArchive - Estado: 404, Ruta consultada: /favicon.ico, Metodo GET
[2023-04-26T19:43:05.358] [WARN] warnArchive - Estado: 404, Ruta consultada: /favicon.ico, Metodo GET
[2023-04-26T19:43:06.677] [WARN] warnArchive - Estado: 404, Ruta consultada: /favicon.ico, Metodo GET
[2023-04-26T19:43:19.169] [WARN] warnArchive - Estado: 404, Ruta consultada: /favicon.ico, Metodo GET
[2023-04-26T19:43:25.880] [WARN] warnArchive - Estado: 404, Ruta consultada: /favicon.ico, Metodo GET
[2023-04-26T19:43:26.734] [WARN] warnArchive - Estado: 404, Ruta consultada: /favicon.ico, Metodo GET
[2023-04-26T19:43:27.266] [WARN] warnArchive - Estado: 404, Ruta consultada: /favicon.ico, Metodo GET
[2023-04-26T19:43:30.679] [WARN] warnArchive - Estado: 404, Ruta consultada: /favicon.ico, Metodo GET
[2023-04-26T19:43:34.202] [WARN] warnArchive - Estado: 404, Ruta consultada: /favicon.ico, Metodo GET
[2023-04-26T19:43:35.655] [WARN] warnArchive - Estado: 404, Ruta consultada: /favicon.ico, Metodo GET
[2023-04-26T19:45:22.255] [WARN] warnArchive - Estado: 404, Ruta consultada: /favicon.ico, Metodo GET
[2023-04-26T19:45:24.434] [WARN] warnArchive - Estado: 404, Ruta consultada: /favicon.ico, Metodo GET
[2023-04-26T19:45:26.413] [WARN] warnArchive - Estado: 404, Ruta consultada: /favicon.ico, Metodo GET
[2023-04-26T19:54:19.095] [WARN] warnArchive - Estado: 404, Ruta consultada: /favicon.ico, Metodo GET
[2023-04-26T19:55:02.960] [WARN] warnArchive - Estado: 404, Ruta consultada: /favicon.ico, Metodo GET
[2023-04-26T19:55:43.566] [WARN] warnArchive - Estado: 404, Ruta consultada: /favicon.ico, Metodo GET
[2023-04-26T19:55:48.757] [WARN] warnArchive - Estado: 404, Ruta consultada: /favicon.ico, Metodo GET
[2023-04-26T19:55:51.852] [WARN] warnArchive - Estado: 404, Ruta consultada: /favicon.ico, Metodo GET
[2023-04-26T19:55:53.900] [WARN] warnArchive - Estado: 404, Ruta consultada: /favicon.ico, Metodo GET
[2023-04-26T20:01:47.975] [WARN] warnArchive - Estado: 404, Ruta consultada: /favicon.ico, Metodo GET
[2023-04-26T20:02:29.676] [WARN] warnArchive - Estado: 404, Ruta consultada: /favicon.ico, Metodo GET
[2023-04-26T20:02:31.395] [WARN] warnArchive - Estado: 404, Ruta consultada: /favicon.ico, Metodo GET
[2023-04-26T20:02:59.009] [WARN] warnArchive - Estado: 404, Ruta consultada: /favicon.ico, Metodo GET
[2023-04-26T20:03:00.654] [WARN] warnArchive - Estado: 404, Ruta consultada: /favicon.ico, Metodo GET
[2023-04-26T20:15:45.325] [WARN] warnArchive - Estado: 404, Ruta consultada: /favicon.ico, Metodo GET
[2023-04-26T20:16:37.601] [WARN] warnArchive - Estado: 404, Ruta consultada: /favicon.ico, Metodo GET
[2023-04-26T21:03:10.990] [WARN] warnArchive - Estado: 404, Ruta consultada: /favicon.ico, Metodo GET
[2023-04-26T21:03:12.221] [WARN] warnArchive - Estado: 404, Ruta consultada: /favicon.ico, Metodo GET
[2023-04-26T21:03:23.558] [WARN] warnArchive - Estado: 404, Ruta consultada: /favicon.ico, Metodo GET
[2023-04-26T21:03:29.113] [WARN] warnArchive - Estado: 404, Ruta consultada: /favicon.ico, Metodo GET
[2023-04-26T21:03:33.672] [WARN] warnArchive - Estado: 404, Ruta consultada: /favicon.ico, Metodo GET
[2023-04-26T21:03:42.806] [WARN] warnArchive - Estado: 404, Ruta consultada: /favicon.ico, Metodo GET
[2023-04-26T21:03:45.800] [WARN] warnArchive - Estado: 404, Ruta consultada: /favicon.ico, Metodo GET
[2023-04-26T21:03:52.817] [WARN] warnArchive - Estado: 404, Ruta consultada: /favicon.ico, Metodo GET
[2023-04-26T21:04:14.030] [WARN] warnArchive - Estado: 404, Ruta consultada: /favicon.ico, Metodo GET
[2023-04-26T21:04:15.772] [WARN] warnArchive - Estado: 404, Ruta consultada: /favicon.ico, Metodo GET
[2023-04-26T21:04:18.161] [WARN] warnArchive - Estado: 404, Ruta consultada: /favicon.ico, Metodo GET
[2023-04-26T21:04:49.753] [WARN] warnArchive - Estado: 404, Ruta consultada: /favicon.ico, Metodo GET
[2023-04-26T21:06:27.657] [WARN] warnArchive - Estado: 404, Ruta consultada: /favicon.ico, Metodo GET
[2023-04-26T21:19:51.255] [WARN] warnArchive - Estado: 404, Ruta consultada: /favicon.ico, Metodo GET
[2023-04-26T21:19:51.898] [WARN] warnArchive - Estado: 404, Ruta consultada: /favicon.ico, Metodo GET
[2023-04-26T21:19:52.048] [WARN] warnArchive - Estado: 404, Ruta consultada: /favicon.ico, Metodo GET
[2023-04-26T21:19:52.295] [WARN] warnArchive - Estado: 404, Ruta consultada: /favicon.ico, Metodo GET
[2023-04-26T21:19:52.592] [WARN] warnArchive - Estado: 404, Ruta consultada: /favicon.ico, Metodo GET
[2023-04-26T21:19:52.877] [WARN] warnArchive - Estado: 404, Ruta consultada: /favicon.ico, Metodo GET
[2023-04-26T21:19:53.341] [WARN] warnArchive - Estado: 404, Ruta consultada: /favicon.ico, Metodo GET
[2023-04-26T21:19:53.505] [WARN] warnArchive - Estado: 404, Ruta consultada: /favicon.ico, Metodo GET
[2023-04-26T21:19:54.003] [WARN] warnArchive - Estado: 404, Ruta consultada: /favicon.ico, Metodo GET
[2023-04-26T21:20:07.534] [WARN] warnArchive - Estado: 404, Ruta consultada: /favicon.ico, Metodo GET
[2023-04-26T21:20:09.056] [WARN] warnArchive - Estado: 404, Ruta consultada: /favicon.ico, Metodo GET
[2023-04-26T21:20:21.872] [WARN] warnArchive - Estado: 404, Ruta consultada: /favicon.ico, Metodo GET
[2023-04-26T21:20:22.691] [WARN] warnArchive - Estado: 404, Ruta consultada: /favicon.ico, Metodo GET
[2023-04-26T21:20:22.860] [WARN] warnArchive - Estado: 404, Ruta consultada: /favicon.ico, Metodo GET
[2023-04-26T21:20:23.024] [WARN] warnArchive - Estado: 404, Ruta consultada: /favicon.ico, Metodo GET
[2023-04-26T21:20:32.653] [WARN] warnArchive - Estado: 404, Ruta consultada: /favicon.ico, Metodo GET
[2023-04-26T21:20:35.215] [WARN] warnArchive - Estado: 404, Ruta consultada: /favicon.ico, Metodo GET
[2023-04-26T21:20:37.555] [WARN] warnArchive - Estado: 404, Ruta consultada: /favicon.ico, Metodo GET
[2023-04-26T21:22:44.767] [WARN] warnArchive - Estado: 404, Ruta consultada: /favicon.ico, Metodo GET
[2023-04-26T21:23:32.522] [WARN] warnArchive - Estado: 404, Ruta consultada: /favicon.ico, Metodo GET
[2023-04-26T21:23:37.786] [WARN] warnArchive - Estado: 404, Ruta consultada: /favicon.ico, Metodo GET
[2023-04-26T21:23:39.792] [WARN] warnArchive - Estado: 404, Ruta consultada: /favicon.ico, Metodo GET
[2023-04-26T21:23:41.216] [WARN] warnArchive - Estado: 404, Ruta consultada: /favicon.ico, Metodo GET
[2023-04-26T21:23:48.218] [WARN] warnArchive - Estado: 404, Ruta consultada: /favicon.ico, Metodo GET
[2023-04-26T21:23:49.687] [WARN] warnArchive - Estado: 404, Ruta consultada: /favicon.ico, Metodo GET
[2023-04-26T21:27:09.026] [WARN] warnArchive - Estado: 404, Ruta consultada: /favicon.ico, Metodo GET
[2023-04-26T21:28:31.627] [WARN] warnArchive - Estado: 404, Ruta consultada: /favicon.ico, Metodo GET
[2023-04-26T21:30:14.862] [WARN] warnArchive - Estado: 404, Ruta consultada: /favicon.ico, Metodo GET
[2023-04-26T21:30:21.752] [WARN] warnArchive - Estado: 404, Ruta consultada: /favicon.ico, Metodo GET
[2023-04-26T21:30:23.575] [WARN] warnArchive - Estado: 404, Ruta consultada: /favicon.ico, Metodo GET
[2023-04-26T21:30:24.608] [WARN] warnArchive - Estado: 404, Ruta consultada: /favicon.ico, Metodo GET
[2023-04-26T21:30:36.022] [WARN] warnArchive - Estado: 404, Ruta consultada: /favicon.ico, Metodo GET
[2023-04-26T21:30:37.461] [WARN] warnArchive - Estado: 404, Ruta consultada: /favicon.ico, Metodo GET
[2023-04-26T21:30:46.932] [WARN] warnArchive - Estado: 404, Ruta consultada: /favicon.ico, Metodo GET
[2023-04-26T21:30:49.965] [WARN] warnArchive - Estado: 404, Ruta consultada: /favicon.ico, Metodo GET
[2023-04-26T21:32:30.524] [WARN] warnArchive - Estado: 404, Ruta consultada: /favicon.ico, Metodo GET
[2023-04-26T21:32:32.448] [WARN] warnArchive - Estado: 404, Ruta consultada: /favicon.ico, Metodo GET
[2023-04-26T21:35:25.734] [WARN] warnArchive - Estado: 404, Ruta consultada: /favicon.ico, Metodo GET
[2023-04-26T21:35:29.103] [WARN] warnArchive - Estado: 404, Ruta consultada: /favicon.ico, Metodo GET
[2023-04-26T21:39:06.121] [WARN] warnArchive - Estado: 404, Ruta consultada: /favicon.ico, Metodo GET
[2023-04-26T21:39:07.343] [WARN] warnArchive - Estado: 404, Ruta consultada: /favicon.ico, Metodo GET
[2023-04-26T21:39:08.707] [WARN] warnArchive - Estado: 404, Ruta consultada: /formProductosAdmin.ejs, Metodo GET
[2023-04-26T21:39:08.789] [WARN] warnArchive - Estado: 404, Ruta consultada: /favicon.ico, Metodo GET
[2023-04-26T21:40:56.999] [WARN] warnArchive - Estado: 404, Ruta consultada: /favicon.ico, Metodo GET
[2023-04-26T21:41:09.155] [WARN] warnArchive - Estado: 404, Ruta consultada: /favicon.ico, Metodo GET
[2023-04-26T21:42:34.326] [WARN] warnArchive - Estado: 404, Ruta consultada: /favicon.ico, Metodo GET
[2023-04-26T21:42:35.449] [WARN] warnArchive - Estado: 404, Ruta consultada: /formProductosAdmin.ejs, Metodo GET
[2023-04-26T21:42:35.496] [WARN] warnArchive - Estado: 404, Ruta consultada: /favicon.ico, Metodo GET
[2023-04-26T21:45:51.780] [WARN] warnArchive - Estado: 404, Ruta consultada: /formProductosAdmin.ejs, Metodo GET
[2023-04-26T21:45:51.835] [WARN] warnArchive - Estado: 404, Ruta consultada: /favicon.ico, Metodo GET
[2023-04-26T21:45:53.746] [WARN] warnArchive - Estado: 404, Ruta consultada: /formProductosAdmin.ejs, Metodo GET
[2023-04-26T21:45:53.786] [WARN] warnArchive - Estado: 404, Ruta consultada: /favicon.ico, Metodo GET
[2023-04-26T21:45:54.678] [WARN] warnArchive - Estado: 404, Ruta consultada: /favicon.ico, Metodo GET
[2023-04-26T21:45:55.567] [WARN] warnArchive - Estado: 404, Ruta consultada: /favicon.ico, Metodo GET
[2023-04-26T21:45:57.289] [WARN] warnArchive - Estado: 404, Ruta consultada: /favicon.ico, Metodo GET
[2023-04-26T21:46:11.312] [WARN] warnArchive - Estado: 404, Ruta consultada: /favicon.ico, Metodo GET
[2023-04-26T21:46:12.813] [WARN] warnArchive - Estado: 404, Ruta consultada: /favicon.ico, Metodo GET
[2023-04-26T21:46:15.434] [WARN] warnArchive - Estado: 404, Ruta consultada: /favicon.ico, Metodo GET
[2023-04-26T21:47:41.211] [WARN] warnArchive - Estado: 404, Ruta consultada: /favicon.ico, Metodo GET
[2023-04-26T21:47:41.846] [WARN] warnArchive - Estado: 404, Ruta consultada: /favicon.ico, Metodo GET
[2023-04-26T21:47:42.027] [WARN] warnArchive - Estado: 404, Ruta consultada: /favicon.ico, Metodo GET
[2023-04-26T21:47:42.195] [WARN] warnArchive - Estado: 404, Ruta consultada: /favicon.ico, Metodo GET
[2023-04-26T21:47:42.910] [WARN] warnArchive - Estado: 404, Ruta consultada: /productosRouter, Metodo GET
[2023-04-26T21:47:42.984] [WARN] warnArchive - Estado: 404, Ruta consultada: /favicon.ico, Metodo GET
[2023-04-26T21:47:45.078] [WARN] warnArchive - Estado: 404, Ruta consultada: /productosRouter, Metodo GET
[2023-04-26T21:47:45.151] [WARN] warnArchive - Estado: 404, Ruta consultada: /favicon.ico, Metodo GET
[2023-04-26T21:47:45.808] [WARN] warnArchive - Estado: 404, Ruta consultada: /productosRouter, Metodo GET
[2023-04-26T21:47:45.858] [WARN] warnArchive - Estado: 404, Ruta consultada: /favicon.ico, Metodo GET
[2023-04-26T21:47:46.046] [WARN] warnArchive - Estado: 404, Ruta consultada: /productosRouter, Metodo GET
[2023-04-26T21:47:46.085] [WARN] warnArchive - Estado: 404, Ruta consultada: /favicon.ico, Metodo GET
[2023-04-26T21:47:46.239] [WARN] warnArchive - Estado: 404, Ruta consultada: /productosRouter, Metodo GET
[2023-04-26T21:47:46.281] [WARN] warnArchive - Estado: 404, Ruta consultada: /favicon.ico, Metodo GET
[2023-04-26T21:47:47.119] [WARN] warnArchive - Estado: 404, Ruta consultada: /favicon.ico, Metodo GET
[2023-04-26T21:47:48.347] [WARN] warnArchive - Estado: 404, Ruta consultada: /productosRouter, Metodo GET
[2023-04-26T21:47:48.413] [WARN] warnArchive - Estado: 404, Ruta consultada: /favicon.ico, Metodo GET
[2023-04-26T21:48:15.730] [WARN] warnArchive - Estado: 404, Ruta consultada: /productosRouter, Metodo GET
[2023-04-26T21:48:15.771] [WARN] warnArchive - Estado: 404, Ruta consultada: /favicon.ico, Metodo GET
[2023-04-26T21:48:16.657] [WARN] warnArchive - Estado: 404, Ruta consultada: /productosRouter, Metodo GET
[2023-04-26T21:48:16.700] [WARN] warnArchive - Estado: 404, Ruta consultada: /favicon.ico, Metodo GET
[2023-04-26T21:48:16.819] [WARN] warnArchive - Estado: 404, Ruta consultada: /productosRouter, Metodo GET
[2023-04-26T21:48:16.886] [WARN] warnArchive - Estado: 404, Ruta consultada: /favicon.ico, Metodo GET
[2023-04-26T21:48:16.998] [WARN] warnArchive - Estado: 404, Ruta consultada: /productosRouter, Metodo GET
[2023-04-26T21:48:17.048] [WARN] warnArchive - Estado: 404, Ruta consultada: /favicon.ico, Metodo GET
[2023-04-26T21:48:17.149] [WARN] warnArchive - Estado: 404, Ruta consultada: /productosRouter, Metodo GET
[2023-04-26T21:48:17.219] [WARN] warnArchive - Estado: 404, Ruta consultada: /favicon.ico, Metodo GET
[2023-04-26T21:48:17.288] [WARN] warnArchive - Estado: 404, Ruta consultada: /productosRouter, Metodo GET
[2023-04-26T21:48:17.339] [WARN] warnArchive - Estado: 404, Ruta consultada: /favicon.ico, Metodo GET
[2023-04-26T21:48:17.442] [WARN] warnArchive - Estado: 404, Ruta consultada: /productosRouter, Metodo GET
[2023-04-26T21:48:17.519] [WARN] warnArchive - Estado: 404, Ruta consultada: /favicon.ico, Metodo GET
[2023-04-26T21:48:17.630] [WARN] warnArchive - Estado: 404, Ruta consultada: /productosRouter, Metodo GET
[2023-04-26T21:48:17.677] [WARN] warnArchive - Estado: 404, Ruta consultada: /favicon.ico, Metodo GET
[2023-04-26T21:48:21.549] [WARN] warnArchive - Estado: 404, Ruta consultada: /productosRouter, Metodo GET
[2023-04-26T21:48:21.642] [WARN] warnArchive - Estado: 404, Ruta consultada: /favicon.ico, Metodo GET
[2023-04-26T21:48:22.216] [WARN] warnArchive - Estado: 404, Ruta consultada: /productosRouter, Metodo GET
[2023-04-26T21:48:22.253] [WARN] warnArchive - Estado: 404, Ruta consultada: /favicon.ico, Metodo GET
[2023-04-26T21:48:22.752] [WARN] warnArchive - Estado: 404, Ruta consultada: /productosRouter, Metodo GET
[2023-04-26T21:48:22.815] [WARN] warnArchive - Estado: 404, Ruta consultada: /favicon.ico, Metodo GET
[2023-04-26T21:48:22.934] [WARN] warnArchive - Estado: 404, Ruta consultada: /productosRouter, Metodo GET
[2023-04-26T21:48:22.970] [WARN] warnArchive - Estado: 404, Ruta consultada: /favicon.ico, Metodo GET
[2023-04-26T21:48:23.096] [WARN] warnArchive - Estado: 404, Ruta consultada: /productosRouter, Metodo GET
[2023-04-26T21:48:23.129] [WARN] warnArchive - Estado: 404, Ruta consultada: /favicon.ico, Metodo GET
[2023-04-26T21:48:23.239] [WARN] warnArchive - Estado: 404, Ruta consultada: /productosRouter, Metodo GET
[2023-04-26T21:48:23.278] [WARN] warnArchive - Estado: 404, Ruta consultada: /favicon.ico, Metodo GET
[2023-04-26T21:48:23.403] [WARN] warnArchive - Estado: 404, Ruta consultada: /productosRouter, Metodo GET
[2023-04-26T21:48:23.482] [WARN] warnArchive - Estado: 404, Ruta consultada: /favicon.ico, Metodo GET
[2023-04-26T21:48:24.141] [WARN] warnArchive - Estado: 404, Ruta consultada: /favicon.ico, Metodo GET
[2023-04-26T21:48:25.357] [WARN] warnArchive - Estado: 404, Ruta consultada: /server.js, Metodo GET
[2023-04-26T21:48:25.425] [WARN] warnArchive - Estado: 404, Ruta consultada: /favicon.ico, Metodo GET
[2023-04-26T21:48:27.911] [WARN] warnArchive - Estado: 404, Ruta consultada: /server.js, Metodo GET
[2023-04-26T21:48:27.946] [WARN] warnArchive - Estado: 404, Ruta consultada: /favicon.ico, Metodo GET
[2023-04-26T21:49:07.027] [WARN] warnArchive - Estado: 404, Ruta consultada: /server.js, Metodo GET
[2023-04-26T21:49:07.078] [WARN] warnArchive - Estado: 404, Ruta consultada: /favicon.ico, Metodo GET
[2023-04-26T21:49:07.678] [WARN] warnArchive - Estado: 404, Ruta consultada: /server.js, Metodo GET
[2023-04-26T21:49:07.752] [WARN] warnArchive - Estado: 404, Ruta consultada: /favicon.ico, Metodo GET
[2023-04-26T21:49:08.076] [WARN] warnArchive - Estado: 404, Ruta consultada: /server.js, Metodo GET
[2023-04-26T21:49:08.116] [WARN] warnArchive - Estado: 404, Ruta consultada: /favicon.ico, Metodo GET
[2023-04-26T21:49:08.367] [WARN] warnArchive - Estado: 404, Ruta consultada: /server.js, Metodo GET
[2023-04-26T21:49:08.438] [WARN] warnArchive - Estado: 404, Ruta consultada: /favicon.ico, Metodo GET
[2023-04-26T21:49:09.170] [WARN] warnArchive - Estado: 404, Ruta consultada: /favicon.ico, Metodo GET
[2023-04-26T21:49:10.499] [WARN] warnArchive - Estado: 404, Ruta consultada: /admin, Metodo GET
[2023-04-26T21:49:10.563] [WARN] warnArchive - Estado: 404, Ruta consultada: /favicon.ico, Metodo GET
[2023-04-26T21:52:25.688] [WARN] warnArchive - Estado: 404, Ruta consultada: /favicon.ico, Metodo GET
[2023-04-26T21:52:26.396] [WARN] warnArchive - Estado: 404, Ruta consultada: /favicon.ico, Metodo GET
[2023-04-26T21:52:27.122] [WARN] warnArchive - Estado: 404, Ruta consultada: /favicon.ico, Metodo GET
[2023-04-26T21:52:42.316] [WARN] warnArchive - Estado: 404, Ruta consultada: /favicon.ico, Metodo GET
[2023-04-26T21:52:50.999] [WARN] warnArchive - Estado: 404, Ruta consultada: /admin, Metodo GET
[2023-04-26T21:52:51.061] [WARN] warnArchive - Estado: 404, Ruta consultada: /favicon.ico, Metodo GET
[2023-04-26T21:52:52.520] [WARN] warnArchive - Estado: 404, Ruta consultada: /favicon.ico, Metodo GET
[2023-04-26T21:52:53.405] [WARN] warnArchive - Estado: 404, Ruta consultada: /favicon.ico, Metodo GET
[2023-04-26T21:55:11.111] [WARN] warnArchive - Estado: 404, Ruta consultada: /favicon.ico, Metodo GET
[2023-04-26T21:55:11.928] [WARN] warnArchive - Estado: 404, Ruta consultada: /favicon.ico, Metodo GET
[2023-04-26T21:55:13.001] [WARN] warnArchive - Estado: 404, Ruta consultada: /favicon.ico, Metodo GET
[2023-04-26T21:55:14.103] [WARN] warnArchive - Estado: 404, Ruta consultada: /favicon.ico, Metodo GET
[2023-04-26T21:55:15.328] [WARN] warnArchive - Estado: 404, Ruta consultada: /favicon.ico, Metodo GET
[2023-04-26T21:55:15.964] [WARN] warnArchive - Estado: 404, Ruta consultada: /admin, Metodo GET
[2023-04-26T21:55:16.038] [WARN] warnArchive - Estado: 404, Ruta consultada: /favicon.ico, Metodo GET
[2023-04-26T21:55:19.278] [WARN] warnArchive - Estado: 404, Ruta consultada: /favicon.ico, Metodo GET
[2023-04-26T21:55:37.505] [WARN] warnArchive - Estado: 404, Ruta consultada: /favicon.ico, Metodo GET
[2023-04-26T21:55:49.294] [WARN] warnArchive - Estado: 404, Ruta consultada: /admin, Metodo GET
[2023-04-26T21:55:49.349] [WARN] warnArchive - Estado: 404, Ruta consultada: /favicon.ico, Metodo GET
[2023-04-26T21:55:50.606] [WARN] warnArchive - Estado: 404, Ruta consultada: /admin, Metodo GET
[2023-04-26T21:55:50.647] [WARN] warnArchive - Estado: 404, Ruta consultada: /favicon.ico, Metodo GET
[2023-04-26T21:55:51.963] [WARN] warnArchive - Estado: 404, Ruta consultada: /favicon.ico, Metodo GET
[2023-04-26T21:55:52.617] [WARN] warnArchive - Estado: 404, Ruta consultada: /admin, Metodo GET
[2023-04-26T21:55:52.679] [WARN] warnArchive - Estado: 404, Ruta consultada: /favicon.ico, Metodo GET
[2023-04-26T22:03:07.068] [WARN] warnArchive - Estado: 404, Ruta consultada: /favicon.ico, Metodo GET
[2023-04-26T22:03:08.069] [WARN] warnArchive - Estado: 404, Ruta consultada: /favicon.ico, Metodo GET
[2023-04-26T22:03:24.970] [WARN] warnArchive - Estado: 404, Ruta consultada: /favicon.ico, Metodo GET
[2023-04-26T22:03:29.288] [WARN] warnArchive - Estado: 404, Ruta consultada: /admin, Metodo GET
[2023-04-26T22:03:29.335] [WARN] warnArchive - Estado: 404, Ruta consultada: /favicon.ico, Metodo GET
[2023-04-26T22:03:30.488] [WARN] warnArchive - Estado: 404, Ruta consultada: /favicon.ico, Metodo GET
[2023-04-26T22:04:51.260] [WARN] warnArchive - Estado: 404, Ruta consultada: /favicon.ico, Metodo GET
[2023-04-26T22:04:53.622] [WARN] warnArchive - Estado: 404, Ruta consultada: /favicon.ico, Metodo GET
[2023-04-26T22:04:53.849] [WARN] warnArchive - Estado: 404, Ruta consultada: /favicon.ico, Metodo GET
[2023-04-26T22:06:07.135] [WARN] warnArchive - Estado: 404, Ruta consultada: /favicon.ico, Metodo GET
[2023-04-26T22:06:08.385] [WARN] warnArchive - Estado: 404, Ruta consultada: /favicon.ico, Metodo GET
[2023-04-26T22:06:09.771] [WARN] warnArchive - Estado: 404, Ruta consultada: /favicon.ico, Metodo GET
[2023-04-26T22:15:42.109] [WARN] warnArchive - Estado: 404, Ruta consultada: /favicon.ico, Metodo GET
[2023-04-26T22:15:44.180] [WARN] warnArchive - Estado: 404, Ruta consultada: /favicon.ico, Metodo GET
[2023-04-26T22:15:45.498] [WARN] warnArchive - Estado: 404, Ruta consultada: /favicon.ico, Metodo GET
[2023-04-26T22:15:50.254] [WARN] warnArchive - Estado: 404, Ruta consultada: /favicon.ico, Metodo GET
[2023-04-26T22:15:52.458] [WARN] warnArchive - Estado: 404, Ruta consultada: /favicon.ico, Metodo GET
[2023-04-26T22:15:53.691] [WARN] warnArchive - Estado: 404, Ruta consultada: /favicon.ico, Metodo GET
[2023-04-26T22:15:57.257] [WARN] warnArchive - Estado: 404, Ruta consultada: /favicon.ico, Metodo GET
[2023-04-26T22:16:36.054] [WARN] warnArchive - Estado: 404, Ruta consultada: /favicon.ico, Metodo GET
[2023-04-26T22:16:36.931] [WARN] warnArchive - Estado: 404, Ruta consultada: /favicon.ico, Metodo GET
[2023-04-26T22:16:37.195] [WARN] warnArchive - Estado: 404, Ruta consultada: /favicon.ico, Metodo GET
[2023-04-26T22:16:37.372] [WARN] warnArchive - Estado: 404, Ruta consultada: /favicon.ico, Metodo GET
[2023-04-26T22:16:37.532] [WARN] warnArchive - Estado: 404, Ruta consultada: /favicon.ico, Metodo GET
[2023-04-26T22:16:37.928] [WARN] warnArchive - Estado: 404, Ruta consultada: /favicon.ico, Metodo GET
[2023-04-26T22:16:38.525] [WARN] warnArchive - Estado: 404, Ruta consultada: /favicon.ico, Metodo GET
[2023-04-26T22:16:39.749] [WARN] warnArchive - Estado: 404, Ruta consultada: /favicon.ico, Metodo GET
[2023-04-26T22:16:41.506] [WARN] warnArchive - Estado: 404, Ruta consultada: /favicon.ico, Metodo GET
[2023-04-26T22:16:46.494] [WARN] warnArchive - Estado: 404, Ruta consultada: /favicon.ico, Metodo GET
[2023-04-26T22:16:49.646] [WARN] warnArchive - Estado: 404, Ruta consultada: /favicon.ico, Metodo GET
[2023-04-26T22:28:00.990] [WARN] warnArchive - Estado: 404, Ruta consultada: /favicon.ico, Metodo GET
[2023-04-26T22:31:25.152] [WARN] warnArchive - Estado: 404, Ruta consultada: /favicon.ico, Metodo GET
[2023-04-26T22:31:26.592] [WARN] warnArchive - Estado: 404, Ruta consultada: /favicon.ico, Metodo GET
[2023-04-26T22:31:27.789] [WARN] warnArchive - Estado: 404, Ruta consultada: /favicon.ico, Metodo GET
[2023-04-26T22:32:23.397] [WARN] warnArchive - Estado: 404, Ruta consultada: /favicon.ico, Metodo GET
[2023-04-26T22:32:28.494] [WARN] warnArchive - Estado: 404, Ruta consultada: /favicon.ico, Metodo GET
[2023-04-26T22:32:29.696] [WARN] warnArchive - Estado: 404, Ruta consultada: /favicon.ico, Metodo GET
[2023-04-26T22:32:33.065] [WARN] warnArchive - Estado: 404, Ruta consultada: /favicon.ico, Metodo GET
[2023-04-26T22:32:42.479] [WARN] warnArchive - Estado: 404, Ruta consultada: /favicon.ico, Metodo GET
[2023-04-26T22:32:45.100] [WARN] warnArchive - Estado: 404, Ruta consultada: /favicon.ico, Metodo GET
[2023-04-26T22:32:50.557] [WARN] warnArchive - Estado: 404, Ruta consultada: /favicon.ico, Metodo GET
[2023-04-26T22:32:51.825] [WARN] warnArchive - Estado: 404, Ruta consultada: /favicon.ico, Metodo GET
[2023-04-26T22:32:52.649] [WARN] warnArchive - Estado: 404, Ruta consultada: /favicon.ico, Metodo GET
[2023-04-26T22:32:53.760] [WARN] warnArchive - Estado: 404, Ruta consultada: /favicon.ico, Metodo GET
[2023-04-26T22:32:56.755] [WARN] warnArchive - Estado: 404, Ruta consultada: /favicon.ico, Metodo GET
[2023-04-26T22:32:59.427] [WARN] warnArchive - Estado: 404, Ruta consultada: /favicon.ico, Metodo GET
[2023-04-26T22:33:55.985] [WARN] warnArchive - Estado: 404, Ruta consultada: /favicon.ico, Metodo GET
[2023-04-26T22:34:00.889] [WARN] warnArchive - Estado: 404, Ruta consultada: /favicon.ico, Metodo GET
[2023-04-26T22:34:07.591] [WARN] warnArchive - Estado: 404, Ruta consultada: /favicon.ico, Metodo GET
[2023-04-26T22:34:09.668] [WARN] warnArchive - Estado: 404, Ruta consultada: /favicon.ico, Metodo GET
[2023-04-26T22:35:23.194] [WARN] warnArchive - Estado: 404, Ruta consultada: /favicon.ico, Metodo GET
[2023-04-26T22:35:27.321] [WARN] warnArchive - Estado: 404, Ruta consultada: /favicon.ico, Metodo GET
[2023-04-26T22:35:29.633] [WARN] warnArchive - Estado: 404, Ruta consultada: /favicon.ico, Metodo GET
[2023-04-26T22:35:33.399] [WARN] warnArchive - Estado: 404, Ruta consultada: /favicon.ico, Metodo GET
[2023-04-26T22:35:34.442] [WARN] warnArchive - Estado: 404, Ruta consultada: /favicon.ico, Metodo GET
[2023-04-26T22:35:35.586] [WARN] warnArchive - Estado: 404, Ruta consultada: /favicon.ico, Metodo GET
[2023-04-26T22:35:39.363] [WARN] warnArchive - Estado: 404, Ruta consultada: /favicon.ico, Metodo GET
[2023-04-26T22:35:43.237] [WARN] warnArchive - Estado: 404, Ruta consultada: /favicon.ico, Metodo GET
[2023-04-26T22:41:35.491] [WARN] warnArchive - Estado: 404, Ruta consultada: /favicon.ico, Metodo GET
[2023-04-26T22:41:44.714] [WARN] warnArchive - Estado: 404, Ruta consultada: /favicon.ico, Metodo GET
[2023-04-26T22:41:46.633] [WARN] warnArchive - Estado: 404, Ruta consultada: /favicon.ico, Metodo GET
[2023-04-26T22:43:34.227] [WARN] warnArchive - Estado: 404, Ruta consultada: /favicon.ico, Metodo GET
[2023-04-26T22:43:40.038] [WARN] warnArchive - Estado: 404, Ruta consultada: /favicon.ico, Metodo GET
[2023-04-26T22:43:42.477] [WARN] warnArchive - Estado: 404, Ruta consultada: /favicon.ico, Metodo GET
[2023-04-26T22:43:43.650] [WARN] warnArchive - Estado: 404, Ruta consultada: /favicon.ico, Metodo GET
[2023-04-26T22:43:45.048] [WARN] warnArchive - Estado: 404, Ruta consultada: /favicon.ico, Metodo GET
[2023-04-26T22:57:01.339] [WARN] warnArchive - Estado: 404, Ruta consultada: /favicon.ico, Metodo GET
[2023-04-26T22:57:02.215] [WARN] warnArchive - Estado: 404, Ruta consultada: /favicon.ico, Metodo GET
[2023-04-26T23:03:07.360] [WARN] warnArchive - Estado: 404, Ruta consultada: /favicon.ico, Metodo GET
